# JRE version: Java(TM) SE Runtime Environment (8.0_201-b09) (build 1.8.0_201-b09)
# Java VM: Java HotSpot(TM) 64-Bit Server VM (25.201-b09 mixed mode windows-amd64 compressed oops)
Heap:
 PSYoungGen      total 382464K, used 145217K [0x000000076bb80000, 0x000000078ad00000, 0x00000007c0000000)
  eden space 366080K, 39% used [0x000000076bb80000,0x0000000774950558,0x0000000782100000)
  from space 16384K, 0% used [0x0000000782100000,0x0000000782100000,0x0000000783100000)
  to   space 21504K, 0% used [0x0000000789800000,0x0000000789800000,0x000000078ad00000)
 ParOldGen       total 232448K, used 38455K [0x00000006c3200000, 0x00000006d1500000, 0x000000076bb80000)
  object space 232448K, 16% used [0x00000006c3200000,0x00000006c578dd68,0x00000006d1500000)
 Metaspace       used 61409K, capacity 64630K, committed 64856K, reserved 1105920K
  class space    used 7873K, capacity 8449K, committed 8576K, reserved 1048576K
GC Heap History (10 events):
Event: 9.246 GC heap before
{Heap before GC invocations=10 (full 2):
 PSYoungGen      total 216064K, used 202240K [0x000000076bb80000, 0x0000000780a00000, 0x00000007c0000000)
  eden space 202240K, 100% used [0x000000076bb80000,0x0000000778100000,0x0000000778100000)
  from space 13824K, 0% used [0x0000000778100000,0x0000000778100000,0x0000000778e80000)
  to   space 15360K, 0% used [0x000000077fb00000,0x000000077fb00000,0x0000000780a00000)
 ParOldGen       total 158208K, used 18161K [0x00000006c3200000, 0x00000006ccc80000, 0x000000076bb80000)
  object space 158208K, 11% used [0x00000006c3200000,0x00000006c43bc7b8,0x00000006ccc80000)
 Metaspace       used 40644K, capacity 42696K, committed 42968K, reserved 1087488K
  class space    used 5225K, capacity 5598K, committed 5632K, reserved 1048576K
Event: 9.252 GC heap after
Heap after GC invocations=10 (full 2):
 PSYoungGen      total 301056K, used 7089K [0x000000076bb80000, 0x0000000780200000, 0x00000007c0000000)
  eden space 293888K, 0% used [0x000000076bb80000,0x000000076bb80000,0x000000077da80000)
  from space 7168K, 98% used [0x000000077fb00000,0x00000007801ec678,0x0000000780200000)
  to   space 14848K, 0% used [0x000000077e500000,0x000000077e500000,0x000000077f380000)
 ParOldGen       total 158208K, used 18241K [0x00000006c3200000, 0x00000006ccc80000, 0x000000076bb80000)
  object space 158208K, 11% used [0x00000006c3200000,0x00000006c43d07c8,0x00000006ccc80000)
 Metaspace       used 40644K, capacity 42696K, committed 42968K, reserved 1087488K
  class space    used 5225K, capacity 5598K, committed 5632K, reserved 1048576K
}
Event: 10.876 GC heap before
{Heap before GC invocations=11 (full 2):
 PSYoungGen      total 301056K, used 300977K [0x000000076bb80000, 0x0000000780200000, 0x00000007c0000000)
  eden space 293888K, 100% used [0x000000076bb80000,0x000000077da80000,0x000000077da80000)
  from space 7168K, 98% used [0x000000077fb00000,0x00000007801ec678,0x0000000780200000)
  to   space 14848K, 0% used [0x000000077e500000,0x000000077e500000,0x000000077f380000)
 ParOldGen       total 158208K, used 18241K [0x00000006c3200000, 0x00000006ccc80000, 0x000000076bb80000)
  object space 158208K, 11% used [0x00000006c3200000,0x00000006c43d07c8,0x00000006ccc80000)
 Metaspace       used 43184K, capacity 45384K, committed 45656K, reserved 1089536K
  class space    used 5571K, capacity 5954K, committed 6016K, reserved 1048576K
Event: 10.882 GC heap after
Heap after GC invocations=11 (full 2):
 PSYoungGen      total 319488K, used 8613K [0x000000076bb80000, 0x0000000783f00000, 0x00000007c0000000)
  eden space 304640K, 0% used [0x000000076bb80000,0x000000076bb80000,0x000000077e500000)
  from space 14848K, 58% used [0x000000077e500000,0x000000077ed695e8,0x000000077f380000)
  to   space 14336K, 0% used [0x0000000783100000,0x0000000783100000,0x0000000783f00000)
 ParOldGen       total 158208K, used 18249K [0x00000006c3200000, 0x00000006ccc80000, 0x000000076bb80000)
  object space 158208K, 11% used [0x00000006c3200000,0x00000006c43d27c8,0x00000006ccc80000)
 Metaspace       used 43184K, capacity 45384K, committed 45656K, reserved 1089536K
  class space    used 5571K, capacity 5954K, committed 6016K, reserved 1048576K
}
Event: 12.616 GC heap before
{Heap before GC invocations=12 (full 2):
 PSYoungGen      total 319488K, used 313253K [0x000000076bb80000, 0x0000000783f00000, 0x00000007c0000000)
  eden space 304640K, 100% used [0x000000076bb80000,0x000000077e500000,0x000000077e500000)
  from space 14848K, 58% used [0x000000077e500000,0x000000077ed695e8,0x000000077f380000)
  to   space 14336K, 0% used [0x0000000783100000,0x0000000783100000,0x0000000783f00000)
 ParOldGen       total 158208K, used 18249K [0x00000006c3200000, 0x00000006ccc80000, 0x000000076bb80000)
  object space 158208K, 11% used [0x00000006c3200000,0x00000006c43d27c8,0x00000006ccc80000)
 Metaspace       used 47688K, capacity 49940K, committed 50008K, reserved 1093632K
  class space    used 6083K, capacity 6482K, committed 6528K, reserved 1048576K
Event: 12.627 GC heap after
Heap after GC invocations=12 (full 2):
 PSYoungGen      total 380416K, used 14312K [0x000000076bb80000, 0x0000000784f80000, 0x00000007c0000000)
  eden space 366080K, 0% used [0x000000076bb80000,0x000000076bb80000,0x0000000782100000)
  from space 14336K, 99% used [0x0000000783100000,0x0000000783efa058,0x0000000783f00000)
  to   space 16384K, 0% used [0x0000000782100000,0x0000000782100000,0x0000000783100000)
 ParOldGen       total 158208K, used 19116K [0x00000006c3200000, 0x00000006ccc80000, 0x000000076bb80000)
  object space 158208K, 12% used [0x00000006c3200000,0x00000006c44ab010,0x00000006ccc80000)
 Metaspace       used 47688K, capacity 49940K, committed 50008K, reserved 1093632K
  class space    used 6083K, capacity 6482K, committed 6528K, reserved 1048576K
}
Event: 13.729 GC heap before
{Heap before GC invocations=13 (full 2):
 PSYoungGen      total 380416K, used 285455K [0x000000076bb80000, 0x0000000784f80000, 0x00000007c0000000)
  eden space 366080K, 74% used [0x000000076bb80000,0x000000077c449f48,0x0000000782100000)
  from space 14336K, 99% used [0x0000000783100000,0x0000000783efa058,0x0000000783f00000)
  to   space 16384K, 0% used [0x0000000782100000,0x0000000782100000,0x0000000783100000)
 ParOldGen       total 158208K, used 19116K [0x00000006c3200000, 0x00000006ccc80000, 0x000000076bb80000)
  object space 158208K, 12% used [0x00000006c3200000,0x00000006c44ab010,0x00000006ccc80000)
 Metaspace       used 56351K, capacity 58870K, committed 59028K, reserved 1101824K
  class space    used 7144K, capacity 7621K, committed 7680K, reserved 1048576K
Event: 13.742 GC heap after
Heap after GC invocations=13 (full 2):
 PSYoungGen      total 382464K, used 16356K [0x000000076bb80000, 0x000000078ad00000, 0x00000007c0000000)
  eden space 366080K, 0% used [0x000000076bb80000,0x000000076bb80000,0x0000000782100000)
  from space 16384K, 99% used [0x0000000782100000,0x00000007830f9128,0x0000000783100000)
  to   space 21504K, 0% used [0x0000000789800000,0x0000000789800000,0x000000078ad00000)
 ParOldGen       total 158208K, used 27885K [0x00000006c3200000, 0x00000006ccc80000, 0x000000076bb80000)
  object space 158208K, 17% used [0x00000006c3200000,0x00000006c4d3b6d0,0x00000006ccc80000)
 Metaspace       used 56351K, capacity 58870K, committed 59028K, reserved 1101824K
  class space    used 7144K, capacity 7621K, committed 7680K, reserved 1048576K
}
Event: 13.742 GC heap before
{Heap before GC invocations=14 (full 3):
 PSYoungGen      total 382464K, used 16356K [0x000000076bb80000, 0x000000078ad00000, 0x00000007c0000000)
  eden space 366080K, 0% used [0x000000076bb80000,0x000000076bb80000,0x0000000782100000)
  from space 16384K, 99% used [0x0000000782100000,0x00000007830f9128,0x0000000783100000)
  to   space 21504K, 0% used [0x0000000789800000,0x0000000789800000,0x000000078ad00000)
 ParOldGen       total 158208K, used 27885K [0x00000006c3200000, 0x00000006ccc80000, 0x000000076bb80000)
  object space 158208K, 17% used [0x00000006c3200000,0x00000006c4d3b6d0,0x00000006ccc80000)
 Metaspace       used 56351K, capacity 58870K, committed 59028K, reserved 1101824K
  class space    used 7144K, capacity 7621K, committed 7680K, reserved 1048576K
Event: 13.854 GC heap after
Heap after GC invocations=14 (full 3):
 PSYoungGen      total 382464K, used 0K [0x000000076bb80000, 0x000000078ad00000, 0x00000007c0000000)
  eden space 366080K, 0% used [0x000000076bb80000,0x000000076bb80000,0x0000000782100000)
  from space 16384K, 0% used [0x0000000782100000,0x0000000782100000,0x0000000783100000)
  to   space 21504K, 0% used [0x0000000789800000,0x0000000789800000,0x000000078ad00000)
 ParOldGen       total 232448K, used 38455K [0x00000006c3200000, 0x00000006d1500000, 0x000000076bb80000)
  object space 232448K, 16% used [0x00000006c3200000,0x00000006c578dd68,0x00000006d1500000)
 Metaspace       used 56351K, capacity 58870K, committed 59028K, reserved 1101824K
  class space    used 7144K, capacity 7621K, committed 7680K, reserved 1048576K
}

